<?xml version="1.0" encoding="UTF-8"?>
<!-- Generated by org.testng.reporters.JUnitReportReporter -->
<testsuite hostname="inh-rjyothi-lt" failures="0" tests="1" name="Translink.AssignmentProject.Assignment" time="26.645" errors="0" timestamp="2021-07-07T21:52:23 IST" skipped="0">
  <testcase classname="Translink.AssignmentProject.Assignment" name="Homepage" time="26.645"/>
  <system-out/>
</testsuite> <!-- Translink.AssignmentProject.Assignment -->
