<?xml version="1.0" encoding="UTF-8"?>
<!-- Generated by org.testng.reporters.JUnitReportReporter -->
<testsuite hostname="DESKTOP-DUI2CQ5" failures="0" tests="1" name="Test.TransLinkTest" time="24.165" errors="0" timestamp="2021-07-07T21:13:01 MDT" skipped="0">
  <testcase classname="Test.TransLinkTest" name="transLinkTestCase1" time="24.165"/>
  <system-out/>
</testsuite> <!-- Test.TransLinkTest -->
